<?xml version="1.0" encoding="UTF-8"?>
<!-- Generated by org.testng.reporters.JUnitReportReporter -->
<testsuite skipped="0" hostname="DESKTOP-SK4CTUO" name="testPackage.RestAPITest" tests="3" failures="0" timestamp="2021-07-04T08:56:23 IST" time="0.002" errors="0">
  <testcase name="RestAPITestMethods" time="0.001" classname="testPackage.RestAPITest"/>
  <system-out/>
  <testcase name="RestAPITestMethodsApps" time="0.000" classname="testPackage.RestAPITest"/>
  <system-out/>
  <testcase name="RestAPITestMethodsApps2" time="0.001" classname="testPackage.RestAPITest"/>
  <system-out/>
</testsuite> <!-- testPackage.RestAPITest -->
