<?xml version="1.0" encoding="UTF-8"?>
<!-- Generated by org.testng.reporters.JUnitReportReporter -->
<testsuite skipped="0" hostname="DESKTOP-NHDJ7D7" name="testPackage.AppiumTest" tests="1" failures="0" timestamp="2020-05-26T16:51:38 IST" time="0.006" errors="0">
  <testcase name="AppiumTestMethods" time="0.006" classname="testPackage.AppiumTest"/>
  <system-out/>
</testsuite> <!-- testPackage.AppiumTest -->
