<?xml version="1.0" encoding="UTF-8"?>
<!-- Generated by org.testng.reporters.JUnitReportReporter -->
<testsuite skipped="0" hostname="DESKTOP-SK4CTUO" name="testPackage.SeleniumTest" tests="4" failures="0" timestamp="2021-07-04T08:56:23 IST" time="0.000" errors="0">
  <testcase name="BrowserAutomation2" time="0.000" classname="testPackage.SeleniumTest"/>
  <system-out/>
  <testcase name="BrowserAutomation3" time="0.000" classname="testPackage.SeleniumTest"/>
  <system-out/>
  <testcase name="BrowserAutomation" time="0.000" classname="testPackage.SeleniumTest"/>
  <system-out/>
  <testcase name="BrowserAutomation1" time="0.000" classname="testPackage.SeleniumTest"/>
  <system-out/>
</testsuite> <!-- testPackage.SeleniumTest -->
