<?xml version="1.0" encoding="UTF-8"?>
<!-- Generated by org.testng.reporters.JUnitReportReporter -->
<testsuite skipped="0" hostname="DESKTOP-NHDJ7D7" name="testPackage.RestAPITest" tests="1" failures="0" timestamp="2020-05-26T16:51:38 IST" time="0.000" errors="0">
  <testcase name="RestAPITestMethods" time="0.000" classname="testPackage.RestAPITest"/>
  <system-out/>
</testsuite> <!-- testPackage.RestAPITest -->
