<?xml version="1.0" encoding="UTF-8"?>
<!-- Generated by org.testng.reporters.JUnitReportReporter -->
<testsuite skipped="0" hostname="DESKTOP-SK4CTUO" name="testPackage.AppiumTest" tests="3" failures="0" timestamp="2021-07-04T08:56:23 IST" time="0.003" errors="0">
  <testcase name="AppiumTestMethodsApps1" time="0.000" classname="testPackage.AppiumTest"/>
  <system-out/>
  <testcase name="AppiumTestMethodsApps" time="0.000" classname="testPackage.AppiumTest"/>
  <system-out/>
  <testcase name="AppiumTestMethods" time="0.003" classname="testPackage.AppiumTest"/>
  <system-out/>
</testsuite> <!-- testPackage.AppiumTest -->
